2021-07-01 10:54:19.041 INFO  com.example.wiki.WikiApplication                  :55   [32m                  [0;39m Starting WikiApplication using Java 11.0.9 on Ricks-MacBook-Pro.local with PID 4435 (/Users/rickhuang/Downloads/wiki/target/classes started by rickhuang in /Users/rickhuang/Downloads/wiki)
2021-07-01 10:54:19.043 INFO  com.example.wiki.WikiApplication                  :664  [32m                  [0;39m No active profile set, falling back to default profiles: default
2021-07-01 10:54:19.555 INFO  o.s.boot.web.embedded.tomcat.TomcatWebServer      :108  [32m                  [0;39m Tomcat initialized with port(s): 8080 (http)
2021-07-01 10:54:19.560 INFO  org.apache.coyote.http11.Http11NioProtocol        :173  [32m                  [0;39m Initializing ProtocolHandler ["http-nio-8080"]
2021-07-01 10:54:19.561 INFO  org.apache.catalina.core.StandardService          :173  [32m                  [0;39m Starting service [Tomcat]
2021-07-01 10:54:19.561 INFO  org.apache.catalina.core.StandardEngine           :173  [32m                  [0;39m Starting Servlet engine: [Apache Tomcat/9.0.48]
2021-07-01 10:54:19.596 INFO  o.a.c.core.ContainerBase.[Tomcat].[localhost].[/] :173  [32m                  [0;39m Initializing Spring embedded WebApplicationContext
2021-07-01 10:54:19.596 INFO  o.s.b.w.s.c.ServletWebServerApplicationContext    :289  [32m                  [0;39m Root WebApplicationContext: initialization completed in 525 ms
2021-07-01 10:54:19.747 INFO  org.apache.coyote.http11.Http11NioProtocol        :173  [32m                  [0;39m Starting ProtocolHandler ["http-nio-8080"]
2021-07-01 10:54:19.769 INFO  o.s.boot.web.embedded.tomcat.TomcatWebServer      :220  [32m                  [0;39m Tomcat started on port(s): 8080 (http) with context path ''
2021-07-01 10:54:19.782 INFO  com.example.wiki.WikiApplication                  :61   [32m                  [0;39m Started WikiApplication in 1.026 seconds (JVM running for 1.468)
2021-07-01 11:02:33.616 INFO  com.example.wiki.WikiApplication                  :55   [32m                  [0;39m Starting WikiApplication using Java 11.0.9 on Ricks-MacBook-Pro.local with PID 4504 (/Users/rickhuang/Downloads/wiki/target/classes started by rickhuang in /Users/rickhuang/Downloads/wiki)
2021-07-01 11:02:33.618 INFO  com.example.wiki.WikiApplication                  :664  [32m                  [0;39m No active profile set, falling back to default profiles: default
2021-07-01 11:02:34.090 INFO  o.s.boot.web.embedded.tomcat.TomcatWebServer      :108  [32m                  [0;39m Tomcat initialized with port(s): 8080 (http)
2021-07-01 11:02:34.095 INFO  org.apache.coyote.http11.Http11NioProtocol        :173  [32m                  [0;39m Initializing ProtocolHandler ["http-nio-8080"]
2021-07-01 11:02:34.095 INFO  org.apache.catalina.core.StandardService          :173  [32m                  [0;39m Starting service [Tomcat]
2021-07-01 11:02:34.095 INFO  org.apache.catalina.core.StandardEngine           :173  [32m                  [0;39m Starting Servlet engine: [Apache Tomcat/9.0.48]
2021-07-01 11:02:34.128 INFO  o.a.c.core.ContainerBase.[Tomcat].[localhost].[/] :173  [32m                  [0;39m Initializing Spring embedded WebApplicationContext
2021-07-01 11:02:34.128 INFO  o.s.b.w.s.c.ServletWebServerApplicationContext    :289  [32m                  [0;39m Root WebApplicationContext: initialization completed in 482 ms
2021-07-01 11:02:34.307 INFO  org.apache.coyote.http11.Http11NioProtocol        :173  [32m                  [0;39m Starting ProtocolHandler ["http-nio-8080"]
2021-07-01 11:02:34.332 INFO  o.s.boot.web.embedded.tomcat.TomcatWebServer      :220  [32m                  [0;39m Tomcat started on port(s): 8080 (http) with context path ''
2021-07-01 11:02:34.345 INFO  com.example.wiki.WikiApplication                  :61   [32m                  [0;39m Started WikiApplication in 1.017 seconds (JVM running for 1.606)
2021-07-01 11:21:11.243 INFO  com.example.wiki.WikiApplication                  :55   [32m                  [0;39m Starting WikiApplication using Java 11.0.9 on Ricks-MacBook-Pro.local with PID 4812 (/Users/rickhuang/Downloads/wiki/target/classes started by rickhuang in /Users/rickhuang/Downloads/wiki)
2021-07-01 11:21:11.245 INFO  com.example.wiki.WikiApplication                  :664  [32m                  [0;39m No active profile set, falling back to default profiles: default
2021-07-01 11:21:11.723 INFO  o.s.boot.web.embedded.tomcat.TomcatWebServer      :108  [32m                  [0;39m Tomcat initialized with port(s): 8888 (http)
2021-07-01 11:21:11.728 INFO  org.apache.coyote.http11.Http11NioProtocol        :173  [32m                  [0;39m Initializing ProtocolHandler ["http-nio-8888"]
2021-07-01 11:21:11.728 INFO  org.apache.catalina.core.StandardService          :173  [32m                  [0;39m Starting service [Tomcat]
2021-07-01 11:21:11.729 INFO  org.apache.catalina.core.StandardEngine           :173  [32m                  [0;39m Starting Servlet engine: [Apache Tomcat/9.0.48]
2021-07-01 11:21:11.766 INFO  o.a.c.core.ContainerBase.[Tomcat].[localhost].[/] :173  [32m                  [0;39m Initializing Spring embedded WebApplicationContext
2021-07-01 11:21:11.767 INFO  o.s.b.w.s.c.ServletWebServerApplicationContext    :289  [32m                  [0;39m Root WebApplicationContext: initialization completed in 494 ms
2021-07-01 11:21:11.965 INFO  org.apache.coyote.http11.Http11NioProtocol        :173  [32m                  [0;39m Starting ProtocolHandler ["http-nio-8888"]
2021-07-01 11:21:11.991 INFO  o.s.boot.web.embedded.tomcat.TomcatWebServer      :220  [32m                  [0;39m Tomcat started on port(s): 8888 (http) with context path ''
2021-07-01 11:21:12.003 INFO  com.example.wiki.WikiApplication                  :61   [32m                  [0;39m Started WikiApplication in 1.032 seconds (JVM running for 1.46)
2021-07-01 11:21:12.005 INFO  com.example.wiki.WikiApplication                  :18   [32m                  [0;39m successfully start!!!
2021-07-01 11:21:12.005 INFO  com.example.wiki.WikiApplication                  :19   [32m                  [0;39m address: 	http://127.0.0.1:8888
2021-07-01 11:21:24.553 INFO  o.a.c.core.ContainerBase.[Tomcat].[localhost].[/] :173  [32m                  [0;39m Initializing Spring DispatcherServlet 'dispatcherServlet'
2021-07-01 11:21:24.555 INFO  org.springframework.web.servlet.DispatcherServlet :525  [32m                  [0;39m Initializing Servlet 'dispatcherServlet'
2021-07-01 11:21:24.556 INFO  org.springframework.web.servlet.DispatcherServlet :547  [32m                  [0;39m Completed initialization in 0 ms
